#
# There is insufficient memory for the Java Runtime Environment to continue.
# Native memory allocation (mmap) failed to map 264241152 bytes for G1 virtual space
# Possible reasons:
#   The system is out of physical RAM or swap space
#   The process is running with CompressedOops enabled, and the Java Heap may be blocking the growth of the native heap
# Possible solutions:
#   Reduce memory load on the system
#   Increase physical memory or swap space
#   Check if swap backing store is full
#   Decrease Java heap size (-Xmx/-Xms)
#   Decrease number of Java threads
#   Decrease Java thread stack sizes (-Xss)
#   Set larger code cache with -XX:ReservedCodeCacheSize=
#   JVM is running with Zero Based Compressed Oops mode in which the Java heap is
#     placed in the first 32GB address space. The Java Heap base address is the
#     maximum limit for the native heap growth. Please use -XX:HeapBaseMinAddress
#     to set the Java Heap base and to place the Java Heap above 32GB virtual address.
# This output file may be truncated or incomplete.
#
#  Out of Memory Error (os_windows.cpp:3600), pid=13980, tid=37984
#
# JRE version:  (21.0.2+13) (build )
# Java VM: OpenJDK 64-Bit Server VM (21.0.2+13-58, mixed mode, sharing, tiered, compressed oops, compressed class ptrs, g1 gc, windows-amd64)
# No core dump will be written. Minidumps are not enabled by default on client versions of Windows
#

---------------  S U M M A R Y ------------

Command Line: -javaagent:C:\Program Files\JetBrains\IntelliJ IDEA 2023.3.5\lib\idea_rt.jar=55623:C:\Program Files\JetBrains\IntelliJ IDEA 2023.3.5\bin -Dfile.encoding=UTF-8 -Dsun.stdout.encoding=UTF-8 -Dsun.stderr.encoding=UTF-8 edu.pattern.shapes.main.Main

Host: 11th Gen Intel(R) Core(TM) i7-1165G7 @ 2.80GHz, 8 cores, 15G,  Windows 11 , 64 bit Build 22621 (10.0.22621.3374)
Time: Tue Apr 23 20:49:17 2024 FLE Daylight Time elapsed time: 0.019775 seconds (0d 0h 0m 0s)

---------------  T H R E A D  ---------------

Current thread (0x0000022d5e921340):  JavaThread "Unknown thread" [_thread_in_vm, id=37984, stack(0x000000df91000000,0x000000df91100000) (1024K)]

Stack: [0x000000df91000000,0x000000df91100000]
Native frames: (J=compiled Java code, j=interpreted, Vv=VM code, C=native code)
V  [jvm.dll+0x6cade9]
V  [jvm.dll+0x8569c1]
V  [jvm.dll+0x858d2e]
V  [jvm.dll+0x859413]
V  [jvm.dll+0x280e56]
V  [jvm.dll+0x6c74d5]
V  [jvm.dll+0x6bbeca]
V  [jvm.dll+0x355bca]
V  [jvm.dll+0x35d816]
V  [jvm.dll+0x3ae67e]
V  [jvm.dll+0x3ae928]
V  [jvm.dll+0x3295dc]
V  [jvm.dll+0x32a16b]
V  [jvm.dll+0x81efa9]
V  [jvm.dll+0x3bba01]
V  [jvm.dll+0x807928]
V  [jvm.dll+0x44f50e]
V  [jvm.dll+0x450e11]
C  [jli.dll+0x52a3]
C  [ucrtbase.dll+0x29333]
C  [KERNEL32.DLL+0x1257d]
C  [ntdll.dll+0x5aa48]


---------------  P R O C E S S  ---------------

Threads class SMR info:
_java_thread_list=0x00007ffb56aebb88, length=0, elements={
}

Java Threads: ( => current thread )
Total: 0

Other Threads:
  0x0000022d60b7d8b0 WorkerThread "GC Thread#0"                     [id=11020, stack(0x000000df91100000,0x000000df91200000) (1024K)]
  0x0000022d60b8e550 ConcurrentGCThread "G1 Main Marker"            [id=10400, stack(0x000000df91200000,0x000000df91300000) (1024K)]
  0x0000022d60b8f050 WorkerThread "G1 Conc#0"                       [id=28740, stack(0x000000df91300000,0x000000df91400000) (1024K)]

[error occurred during error reporting (printing all threads), id 0xc0000005, EXCEPTION_ACCESS_VIOLATION (0xc0000005) at pc=0x00007ffb5625c6a7]
VM state: not at safepoint (not fully initialized)

VM Mutex/Monitor currently owned by a thread:  ([mutex/lock_event])
[0x00007ffb56b5ce68] Heap_lock - owner thread: 0x0000022d5e921340

Heap address: 0x0000000704e00000, size: 4018 MB, Compressed Oops mode: Zero based, Oop shift amount: 3

CDS archive(s) mapped at: [0x0000000000000000-0x0000000000000000-0x0000000000000000), size 0, SharedBaseAddress: 0x0000000800000000, ArchiveRelocationMode: 1.
Narrow klass base: 0x0000000000000000, Narrow klass shift: 0, Narrow klass range: 0x0

GC Precious Log:
 CardTable entry size: 512
 Card Set container configuration: InlinePtr #cards 4 size 8 Array Of Cards #cards 16 size 48 Howl #buckets 8 coarsen threshold 3686 Howl Bitmap #cards 512 size 80 coarsen threshold 460 Card regions per heap region 1 cards per card region 4096

Heap:
 garbage-first heap   total 0K, used 0K [0x0000000704e00000, 0x0000000800000000)
  region size 2048K, 0 young (0K), 0 survivors (0K)

[error occurred during error reporting (printing heap information), id 0xc0000005, EXCEPTION_ACCESS_VIOLATION (0xc0000005) at pc=0x00007ffb566439f9]
GC Heap History (0 events):
No events

Dll operation events (1 events):
Event: 0.013 Loaded shared library C:\Users\ilyai\.jdks\openjdk-21.0.2\bin\java.dll

Deoptimization events (0 events):
No events

Classes loaded (0 events):
No events

Classes unloaded (0 events):
No events

Classes redefined (0 events):
No events

Internal exceptions (0 events):
No events

ZGC Phase Switch (0 events):
No events

VM Operations (0 events):
No events

Events (0 events):
No events


Dynamic libraries:
0x00007ff798360000 - 0x00007ff79836e000 	C:\Users\ilyai\.jdks\openjdk-21.0.2\bin\java.exe
0x00007ffbe3710000 - 0x00007ffbe3926000 	C:\WINDOWS\SYSTEM32\ntdll.dll
0x00007ffbe2da0000 - 0x00007ffbe2e64000 	C:\WINDOWS\System32\KERNEL32.DLL
0x00007ffbe0e30000 - 0x00007ffbe11d7000 	C:\WINDOWS\System32\KERNELBASE.dll
0x00007ffbe0ae0000 - 0x00007ffbe0bf1000 	C:\WINDOWS\System32\ucrtbase.dll
0x00007ffbbffb0000 - 0x00007ffbbffcb000 	C:\Users\ilyai\.jdks\openjdk-21.0.2\bin\VCRUNTIME140.dll
0x00007ffbbfeb0000 - 0x00007ffbbfec8000 	C:\Users\ilyai\.jdks\openjdk-21.0.2\bin\jli.dll
0x00007ffbe1d30000 - 0x00007ffbe1ede000 	C:\WINDOWS\System32\USER32.dll
0x00007ffbe11e0000 - 0x00007ffbe1206000 	C:\WINDOWS\System32\win32u.dll
0x00007ffbc48e0000 - 0x00007ffbc4b73000 	C:\WINDOWS\WinSxS\amd64_microsoft.windows.common-controls_6595b64144ccf1df_6.0.22621.3235_none_270f74e173860f98\COMCTL32.dll
0x00007ffbe3210000 - 0x00007ffbe3239000 	C:\WINDOWS\System32\GDI32.dll
0x00007ffbe2e70000 - 0x00007ffbe2f17000 	C:\WINDOWS\System32\msvcrt.dll
0x00007ffbe0ca0000 - 0x00007ffbe0db9000 	C:\WINDOWS\System32\gdi32full.dll
0x00007ffbe0c00000 - 0x00007ffbe0c9a000 	C:\WINDOWS\System32\msvcp_win.dll
0x00007ffbe16e0000 - 0x00007ffbe1711000 	C:\WINDOWS\System32\IMM32.DLL
0x00007ffbd7670000 - 0x00007ffbd767c000 	C:\Users\ilyai\.jdks\openjdk-21.0.2\bin\vcruntime140_1.dll
0x00007ffba55f0000 - 0x00007ffba567e000 	C:\Users\ilyai\.jdks\openjdk-21.0.2\bin\msvcp140.dll
0x00007ffb55f20000 - 0x00007ffb56c37000 	C:\Users\ilyai\.jdks\openjdk-21.0.2\bin\server\jvm.dll
0x00007ffbe1540000 - 0x00007ffbe15f2000 	C:\WINDOWS\System32\ADVAPI32.dll
0x00007ffbe22b0000 - 0x00007ffbe2358000 	C:\WINDOWS\System32\sechost.dll
0x00007ffbe0a30000 - 0x00007ffbe0a58000 	C:\WINDOWS\System32\bcrypt.dll
0x00007ffbe30f0000 - 0x00007ffbe3205000 	C:\WINDOWS\System32\RPCRT4.dll
0x00007ffbe17c0000 - 0x00007ffbe1831000 	C:\WINDOWS\System32\WS2_32.dll
0x00007ffbe0900000 - 0x00007ffbe094d000 	C:\WINDOWS\SYSTEM32\POWRPROF.dll
0x00007ffbd5500000 - 0x00007ffbd550a000 	C:\WINDOWS\SYSTEM32\VERSION.dll
0x00007ffbd6000000 - 0x00007ffbd6034000 	C:\WINDOWS\SYSTEM32\WINMM.dll
0x00007ffbe08e0000 - 0x00007ffbe08f3000 	C:\WINDOWS\SYSTEM32\UMPDC.dll
0x00007ffbdfa30000 - 0x00007ffbdfa48000 	C:\WINDOWS\SYSTEM32\kernel.appcore.dll
0x00007ffbd3ba0000 - 0x00007ffbd3baa000 	C:\Users\ilyai\.jdks\openjdk-21.0.2\bin\jimage.dll
0x00007ffbde310000 - 0x00007ffbde543000 	C:\WINDOWS\SYSTEM32\DBGHELP.DLL
0x00007ffbe1840000 - 0x00007ffbe1bc8000 	C:\WINDOWS\System32\combase.dll
0x00007ffbe2f80000 - 0x00007ffbe3057000 	C:\WINDOWS\System32\OLEAUT32.dll
0x00007ffbbcab0000 - 0x00007ffbbcae2000 	C:\WINDOWS\SYSTEM32\dbgcore.DLL
0x00007ffbe0a60000 - 0x00007ffbe0ad9000 	C:\WINDOWS\System32\bcryptPrimitives.dll
0x00007ffbd4d60000 - 0x00007ffbd4d6f000 	C:\Users\ilyai\.jdks\openjdk-21.0.2\bin\instrument.dll
0x00007ffbbfe80000 - 0x00007ffbbfe9f000 	C:\Users\ilyai\.jdks\openjdk-21.0.2\bin\java.dll

dbghelp: loaded successfully - version: 4.0.5 - missing functions: none
symbol engine: initialized successfully - sym options: 0x614 - pdb path: .;C:\Users\ilyai\.jdks\openjdk-21.0.2\bin;C:\WINDOWS\SYSTEM32;C:\WINDOWS\WinSxS\amd64_microsoft.windows.common-controls_6595b64144ccf1df_6.0.22621.3235_none_270f74e173860f98;C:\Users\ilyai\.jdks\openjdk-21.0.2\bin\server

VM Arguments:
jvm_args: -javaagent:C:\Program Files\JetBrains\IntelliJ IDEA 2023.3.5\lib\idea_rt.jar=55623:C:\Program Files\JetBrains\IntelliJ IDEA 2023.3.5\bin -Dfile.encoding=UTF-8 -Dsun.stdout.encoding=UTF-8 -Dsun.stderr.encoding=UTF-8 
java_command: edu.pattern.shapes.main.Main
java_class_path (initial): D:\Java2\Patterns20241\target\classes;C:\Users\ilyai\.m2\repository\org\apache\logging\log4j\log4j-api\2.23.1\log4j-api-2.23.1.jar;C:\Users\ilyai\.m2\repository\junit\junit\4.13.1\junit-4.13.1.jar;C:\Users\ilyai\.m2\repository\org\hamcrest\hamcrest-core\1.3\hamcrest-core-1.3.jar
Launcher Type: SUN_STANDARD

[Global flags]
     intx CICompilerCount                          = 4                                         {product} {ergonomic}
     uint ConcGCThreads                            = 2                                         {product} {ergonomic}
     uint G1ConcRefinementThreads                  = 8                                         {product} {ergonomic}
   size_t G1HeapRegionSize                         = 2097152                                   {product} {ergonomic}
    uintx GCDrainStackTargetSize                   = 64                                        {product} {ergonomic}
   size_t InitialHeapSize                          = 264241152                                 {product} {ergonomic}
   size_t MarkStackSize                            = 4194304                                   {product} {ergonomic}
   size_t MaxHeapSize                              = 4213178368                                {product} {ergonomic}
   size_t MinHeapDeltaBytes                        = 2097152                                   {product} {ergonomic}
   size_t MinHeapSize                              = 8388608                                   {product} {ergonomic}
    uintx NonNMethodCodeHeapSize                   = 5839372                                {pd product} {ergonomic}
    uintx NonProfiledCodeHeapSize                  = 122909434                              {pd product} {ergonomic}
    uintx ProfiledCodeHeapSize                     = 122909434                              {pd product} {ergonomic}
    uintx ReservedCodeCacheSize                    = 251658240                              {pd product} {ergonomic}
     bool SegmentedCodeCache                       = true                                      {product} {ergonomic}
   size_t SoftMaxHeapSize                          = 4213178368                             {manageable} {ergonomic}
     bool UseCompressedOops                        = true                           {product lp64_product} {ergonomic}
     bool UseG1GC                                  = true                                      {product} {ergonomic}
     bool UseLargePagesIndividualAllocation        = false                                  {pd product} {ergonomic}

Logging:
Log output configuration:
 #0: stdout all=warning uptime,level,tags foldmultilines=false
 #1: stderr all=off uptime,level,tags foldmultilines=false

Environment Variables:
PATH=C:\Program Files\Common Files\Oracle\Java\javapath;C:\WINDOWS\system32;C:\WINDOWS;C:\WINDOWS\System32\Wbem;C:\WINDOWS\System32\WindowsPowerShell\v1.0\;C:\WINDOWS\System32\OpenSSH\;D:\Program Files\Git\cmd;C:\Program Files\Docker\Docker\resources\bin;C:\Users\ilyai\AppData\Local\Programs\Python\Python311\Scripts\;C:\Users\ilyai\AppData\Local\Programs\Python\Python311\;C:\Users\ilyai\AppData\Local\Microsoft\WindowsApps;;C:\Users\ilyai\AppData\Local\Programs\Microsoft VS Code\bin;C:\Program Files\JetBrains\IntelliJ IDEA Community Edition 2023.3.5\bin;;C:\Program Files\JetBrains\IntelliJ IDEA 2023.3.5\bin;
USERNAME=ilyai
OS=Windows_NT
PROCESSOR_IDENTIFIER=Intel64 Family 6 Model 140 Stepping 1, GenuineIntel
TMP=C:\Users\ilyai\AppData\Local\Temp
TEMP=C:\Users\ilyai\AppData\Local\Temp




Periodic native trim disabled

---------------  S Y S T E M  ---------------

OS:
 Windows 11 , 64 bit Build 22621 (10.0.22621.3374)
OS uptime: 6 days 22:53 hours
Hyper-V role detected

CPU: total 8 (initial active 8) (4 cores per cpu, 2 threads per core) family 6 model 140 stepping 1 microcode 0xb6, cx8, cmov, fxsr, ht, mmx, 3dnowpref, sse, sse2, sse3, ssse3, sse4.1, sse4.2, popcnt, lzcnt, tsc, tscinvbit, avx, avx2, aes, erms, clmul, bmi1, bmi2, adx, avx512f, avx512dq, avx512cd, avx512bw, avx512vl, sha, fma, vzeroupper, avx512_vpopcntdq, avx512_vpclmulqdq, avx512_vaes, avx512_vnni, clflush, clflushopt, clwb, avx512_vbmi2, avx512_vbmi, hv, rdtscp, rdpid, fsrm, gfni, avx512_bitalg, f16c, cet_ibt, cet_ss, avx512_ifma
Processor Information for all 8 processors :
  Max Mhz: 2803, Current Mhz: 2803, Mhz Limit: 2803

Memory: 4k page, system-wide physical 16064M (1811M free)
TotalPageFile size 41664M (AvailPageFile size 209M)
current process WorkingSet (physical memory assigned to process): 11M, peak: 11M
current process commit charge ("private bytes"): 60M, peak: 312M

vm_info: OpenJDK 64-Bit Server VM (21.0.2+13-58) for windows-amd64 JRE (21.0.2+13-58), built on 2024-01-05T18:32:24Z by "mach5one" with MS VC++ 17.1 (VS2022)

END.
